Using pre-set license
Built from '2020.3/staging' branch; Version is '2020.3.48f1 (b805b124c6b7) revision 12060081'; Using compiler version '192528614'; Build Type 'Release'
OS: 'Windows 10  (10.0.19045) 64bit Core' Language: 'en' Physical Memory: 32394 MB
BatchMode: 1, IsHumanControllingUs: 0, StartBugReporterOnCrash: 0, Is64bit: 1, IsPro: 0

COMMAND LINE ARGUMENTS:
C:\2020.3.48f1\Editor\Unity.exe
-adb2
-batchMode
-noUpm
-name
AssetImportWorker0
-projectPath
C:/GitHub/PickelApper/PickelApper
-logFile
Logs/AssetImportWorker0.log
-srvPort
53650
Successfully changed project path to: C:/GitHub/PickelApper/PickelApper
C:/GitHub/PickelApper/PickelApper
Using Asset Import Pipeline V2.
Player connection [1612] Host "[IP] 192.168.1.130 [Port] 1073959392 [Flags] 2 [Guid] 497497917 [EditorId] 497497917 [Version] 1048832 [Id] WindowsEditor(7,DESKTOP-M9MRICL) [Debug] 1 [PackageName] WindowsEditor [ProjectName] Editor" joined multi-casting on [225.0.0.222:54997]...

Player connection [1612] Host "[IP] 192.168.1.130 [Port] 1073959392 [Flags] 2 [Guid] 497497917 [EditorId] 497497917 [Version] 1048832 [Id] WindowsEditor(7,DESKTOP-M9MRICL) [Debug] 1 [PackageName] WindowsEditor [ProjectName] Editor" joined alternative multi-casting on [225.0.0.222:34997]...

Refreshing native plugins compatible for Editor in 19.27 ms, found 2 plugins.
Preloading 0 native plugins for Editor in 0.00 ms.
Initialize engine version: 2020.3.48f1 (b805b124c6b7)
[Subsystems] Discovering subsystems at path C:/2020.3.48f1/Editor/Data/Resources/UnitySubsystems
[Subsystems] Discovering subsystems at path C:/GitHub/PickelApper/PickelApper/Assets
GfxDevice: creating device client; threaded=0
Direct3D:
    Version:  Direct3D 11.0 [level 11.1]
    Renderer: NVIDIA GeForce RTX 4090 (ID=0x2684)
    Vendor:   
    VRAM:     24142 MB
    Driver:   32.0.15.6614
Initialize mono
Mono path[0] = 'C:/2020.3.48f1/Editor/Data/Managed'
Mono path[1] = 'C:/2020.3.48f1/Editor/Data/MonoBleedingEdge/lib/mono/unityjit'
Mono config path = 'C:/2020.3.48f1/Editor/Data/MonoBleedingEdge/etc'
Using monoOptions --debugger-agent=transport=dt_socket,embedding=1,server=y,suspend=n,address=127.0.0.1:56308
Begin MonoManager ReloadAssembly
Registering precompiled unity dll's ...
Register platform support module: C:/2020.3.48f1/Editor/Data/PlaybackEngines/WindowsStandaloneSupport/UnityEditor.WindowsStandalone.Extensions.dll
Registered in 0.001583 seconds.
Native extension for WindowsStandalone target not found
Refreshing native plugins compatible for Editor in 17.81 ms, found 2 plugins.
Preloading 0 native plugins for Editor in 0.00 ms.
Mono: successfully reloaded assembly
- Completed reload, in  0.360 seconds
Domain Reload Profiling:
	ReloadAssembly (360ms)
		BeginReloadAssembly (44ms)
			ExecutionOrderSort (0ms)
			DisableScriptedObjects (0ms)
			BackupInstance (0ms)
			ReleaseScriptingObjects (0ms)
			CreateAndSetChildDomain (1ms)
		EndReloadAssembly (269ms)
			LoadAssemblies (42ms)
			RebuildTransferFunctionScriptingTraits (0ms)
			SetupTypeCache (87ms)
			ReleaseScriptCaches (0ms)
			RebuildScriptCaches (16ms)
			SetupLoadedEditorAssemblies (96ms)
				LogAssemblyErrors (0ms)
				InitializePlatformSupportModulesInManaged (3ms)
				SetLoadedEditorAssemblies (0ms)
				RefreshPlugins (18ms)
				BeforeProcessingInitializeOnLoad (7ms)
				ProcessInitializeOnLoadAttributes (51ms)
				ProcessInitializeOnLoadMethodAttributes (16ms)
				AfterProcessingInitializeOnLoad (0ms)
				EditorAssembliesLoaded (0ms)
			ExecutionOrderSort2 (0ms)
			AwakeInstancesAfterBackupRestoration (0ms)
Platform modules already initialized, skipping
Registering precompiled user dll's ...
Registered in 0.002332 seconds.
Begin MonoManager ReloadAssembly
Native extension for WindowsStandalone target not found
Refreshing native plugins compatible for Editor in 0.21 ms, found 2 plugins.
Preloading 0 native plugins for Editor in 0.00 ms.
Mono: successfully reloaded assembly
- Completed reload, in  0.581 seconds
Domain Reload Profiling:
	ReloadAssembly (581ms)
		BeginReloadAssembly (87ms)
			ExecutionOrderSort (0ms)
			DisableScriptedObjects (3ms)
			BackupInstance (0ms)
			ReleaseScriptingObjects (0ms)
			CreateAndSetChildDomain (11ms)
		EndReloadAssembly (456ms)
			LoadAssemblies (63ms)
			RebuildTransferFunctionScriptingTraits (0ms)
			SetupTypeCache (148ms)
			ReleaseScriptCaches (0ms)
			RebuildScriptCaches (22ms)
			SetupLoadedEditorAssemblies (187ms)
				LogAssemblyErrors (0ms)
				InitializePlatformSupportModulesInManaged (3ms)
				SetLoadedEditorAssemblies (0ms)
				RefreshPlugins (0ms)
				BeforeProcessingInitializeOnLoad (49ms)
				ProcessInitializeOnLoadAttributes (124ms)
				ProcessInitializeOnLoadMethodAttributes (5ms)
				AfterProcessingInitializeOnLoad (5ms)
				EditorAssembliesLoaded (0ms)
			ExecutionOrderSort2 (0ms)
			AwakeInstancesAfterBackupRestoration (1ms)
Platform modules already initialized, skipping
========================================================================
Worker process is ready to serve import requests
Launched and connected shader compiler UnityShaderCompiler.exe after 0.04 seconds
Refreshing native plugins compatible for Editor in 0.20 ms, found 2 plugins.
Preloading 0 native plugins for Editor in 0.00 ms.
Unloading 1325 Unused Serialized files (Serialized files now loaded: 0)
System memory in use before: 181.9 MB.
System memory in use after: 182.0 MB.

Unloading 15 unused Assets to reduce memory usage. Loaded Objects now: 1798.
Total: 1.940900 ms (FindLiveObjects: 0.065300 ms CreateObjectMapping: 0.019600 ms MarkObjects: 1.841900 ms  DeleteObjects: 0.013500 ms)

AssetImportParameters requested are different than current active one (requested -> active):
  custom:framework-win-MediaFoundation: 216162199b28c13a410421893ffa2e32 -> 
  custom:video-decoder-ogg-theora: a1e56fd34408186e4bbccfd4996cb3dc -> 
  custom:container-muxer-webm: aa71ff27fc2769a1b78a27578f13a17b -> 
  custom:container-demuxer-webm: 4f35f7cbe854078d1ac9338744f61a02 -> 
  custom:container-demuxer-ogg: 62fdf1f143b41e24485cea50d1cbac27 -> 
  custom:video-encoder-webm-vp8: eb34c28f22e8b96e1ab97ce403110664 -> 
  custom:video-decoder-webm-vp8: 9c59270c3fd7afecdb556c50c9e8de78 -> 
  custom:audio-decoder-ogg-vorbis: bf7c407c2cedff20999df2af8eb42d56 -> 
  custom:audio-encoder-webm-vorbis: bf7c407c2cedff20999df2af8eb42d56 -> 
========================================================================
Received Import Request.
  path: Assets/Prefabs/AppleTree.prefab
  artifactKey: Guid(ca88d5705e4c4ff42b6e09c7d8d4d404) Importer(815301076,1909f56bfc062723c751e8b465ee728b)
Start importing Assets/Prefabs/AppleTree.prefab using Guid(ca88d5705e4c4ff42b6e09c7d8d4d404) Importer(815301076,1909f56bfc062723c751e8b465ee728b)  -> (artifact id: '7ebf18963e7fee602cfc938d203ac9d5') in 0.071848 seconds 
========================================================================
Received Import Request.
  Time since last request: 6.012207 seconds.
  path: Assets/SyntyStudios/PolygonAdventure/Prefabs
  artifactKey: Guid(d106eec7b1333674899febaab4c8df0a) Importer(815301076,1909f56bfc062723c751e8b465ee728b)
Start importing Assets/SyntyStudios/PolygonAdventure/Prefabs using Guid(d106eec7b1333674899febaab4c8df0a) Importer(815301076,1909f56bfc062723c751e8b465ee728b)  -> (artifact id: '6d5cc10d29dd3114621fb6b66c3df24e') in 0.014968 seconds 
========================================================================
Received Import Request.
  Time since last request: 0.402883 seconds.
  path: Assets/SyntyStudios/PolygonAdventure/Prefabs/Items/SM_Item_Fruit_01.prefab
  artifactKey: Guid(eb1084389c6861649a52c10577c7d77e) Importer(815301076,1909f56bfc062723c751e8b465ee728b)
Start importing Assets/SyntyStudios/PolygonAdventure/Prefabs/Items/SM_Item_Fruit_01.prefab using Guid(eb1084389c6861649a52c10577c7d77e) Importer(815301076,1909f56bfc062723c751e8b465ee728b)  -> (artifact id: '98e424166541cd37f834e0ba99bec328') in 0.009366 seconds 
========================================================================
Received Import Request.
  Time since last request: 5.826571 seconds.
  path: Assets/SyntyStudios/PolygonAdventure/Textures
  artifactKey: Guid(5545a2f9fb11dee44a2c128cd436612e) Importer(815301076,1909f56bfc062723c751e8b465ee728b)
Start importing Assets/SyntyStudios/PolygonAdventure/Textures using Guid(5545a2f9fb11dee44a2c128cd436612e) Importer(815301076,1909f56bfc062723c751e8b465ee728b)  -> (artifact id: 'c2b7e309a031b452b51b0ab085c06d5f') in 0.015580 seconds 
========================================================================
Received Import Request.
  Time since last request: 11.760577 seconds.
  path: Assets/HandPaintedBarkTextures/Materials/bark_02.mat
  artifactKey: Guid(5f02da22496f1324ea6bdc88b050b8c3) Importer(815301076,1909f56bfc062723c751e8b465ee728b)
Start importing Assets/HandPaintedBarkTextures/Materials/bark_02.mat using Guid(5f02da22496f1324ea6bdc88b050b8c3) Importer(815301076,1909f56bfc062723c751e8b465ee728b)  -> (artifact id: '7332f8da24f80adefd4580aefb32333e') in 0.023850 seconds 
========================================================================
Received Import Request.
  Time since last request: 45.683020 seconds.
  path: Assets/SyntyStudios/PolygonAdventure/Prefabs/Items/SM_Item_Fruit_01.prefab
  artifactKey: Guid(eb1084389c6861649a52c10577c7d77e) Importer(815301076,1909f56bfc062723c751e8b465ee728b)
Start importing Assets/SyntyStudios/PolygonAdventure/Prefabs/Items/SM_Item_Fruit_01.prefab using Guid(eb1084389c6861649a52c10577c7d77e) Importer(815301076,1909f56bfc062723c751e8b465ee728b)  -> (artifact id: '9c568720456fe319c220300abfdd6f84') in 0.017999 seconds 
========================================================================
Received Import Request.
  Time since last request: 18.300766 seconds.
  path: Assets/SyntyStudios/PolygonPrototype/Prefabs/Icons/SM_Icon_Ammo_03.prefab
  artifactKey: Guid(97eb54b65acb4534f861bea966370384) Importer(815301076,1909f56bfc062723c751e8b465ee728b)
Start importing Assets/SyntyStudios/PolygonPrototype/Prefabs/Icons/SM_Icon_Ammo_03.prefab using Guid(97eb54b65acb4534f861bea966370384) Importer(815301076,1909f56bfc062723c751e8b465ee728b)  -> (artifact id: '408df6f5f7cea5771762a604d8ec6d17') in 0.007001 seconds 
========================================================================
Received Import Request.
  Time since last request: 19.195283 seconds.
  path: Assets/SyntyStudios/PolygonPrototype/Prefabs/Generic/SM_Generic_TreeStump_01.prefab
  artifactKey: Guid(fa66820763744ef46b5a9cfb5ef88187) Importer(815301076,1909f56bfc062723c751e8b465ee728b)
Start importing Assets/SyntyStudios/PolygonPrototype/Prefabs/Generic/SM_Generic_TreeStump_01.prefab using Guid(fa66820763744ef46b5a9cfb5ef88187) Importer(815301076,1909f56bfc062723c751e8b465ee728b)  -> (artifact id: 'aa7c57b091d4ffc8c7fe5826b6028bfb') in 0.009073 seconds 
========================================================================
Received Import Request.
  Time since last request: 13.363955 seconds.
  path: Assets/SyntyStudios/PolygonAdventure/Materials
  artifactKey: Guid(b31b97a01d0019146a74b9e1ab35d063) Importer(815301076,1909f56bfc062723c751e8b465ee728b)
Start importing Assets/SyntyStudios/PolygonAdventure/Materials using Guid(b31b97a01d0019146a74b9e1ab35d063) Importer(815301076,1909f56bfc062723c751e8b465ee728b)  -> (artifact id: '9562e9177b768c2c1a6c51fefb0cfd6b') in 0.005732 seconds 
========================================================================
Received Import Request.
  Time since last request: 22.012318 seconds.
  path: Assets/SyntyStudios/PolygonAdventure/Prefabs/Items/SM_Item_Fruit_01.prefab
  artifactKey: Guid(eb1084389c6861649a52c10577c7d77e) Importer(815301076,1909f56bfc062723c751e8b465ee728b)
Start importing Assets/SyntyStudios/PolygonAdventure/Prefabs/Items/SM_Item_Fruit_01.prefab using Guid(eb1084389c6861649a52c10577c7d77e) Importer(815301076,1909f56bfc062723c751e8b465ee728b)  -> (artifact id: 'bcee74c9acbc25fa1946d295e6ac6d91') in 0.010506 seconds 
========================================================================
Received Import Request.
  Time since last request: 38.460524 seconds.
  path: Assets/SyntyStudios/PolygonAdventure/Prefabs/Items/SM_Item_Fruit_01.prefab
  artifactKey: Guid(eb1084389c6861649a52c10577c7d77e) Importer(815301076,1909f56bfc062723c751e8b465ee728b)
Start importing Assets/SyntyStudios/PolygonAdventure/Prefabs/Items/SM_Item_Fruit_01.prefab using Guid(eb1084389c6861649a52c10577c7d77e) Importer(815301076,1909f56bfc062723c751e8b465ee728b)  -> (artifact id: 'a6d4775d7c8f6e1bf2d1bcee3d2d9695') in 0.002546 seconds 
========================================================================
Received Import Request.
  Time since last request: 358.538280 seconds.
  path: Assets/SyntyStudios/PolygonAdventure/Prefabs/Items/SM_Item_Fruit_01.prefab
  artifactKey: Guid(eb1084389c6861649a52c10577c7d77e) Importer(815301076,1909f56bfc062723c751e8b465ee728b)
Start importing Assets/SyntyStudios/PolygonAdventure/Prefabs/Items/SM_Item_Fruit_01.prefab using Guid(eb1084389c6861649a52c10577c7d77e) Importer(815301076,1909f56bfc062723c751e8b465ee728b)  -> (artifact id: 'b731c70ac705309a62ed18e516ccb9b0') in 0.007090 seconds 
========================================================================
Received Import Request.
  Time since last request: 457.773422 seconds.
  path: Assets/SyntyStudios/PolygonAdventure/Prefabs/Items/SM_Item_Fruit_01.prefab
  artifactKey: Guid(eb1084389c6861649a52c10577c7d77e) Importer(815301076,1909f56bfc062723c751e8b465ee728b)
Start importing Assets/SyntyStudios/PolygonAdventure/Prefabs/Items/SM_Item_Fruit_01.prefab using Guid(eb1084389c6861649a52c10577c7d77e) Importer(815301076,1909f56bfc062723c751e8b465ee728b)  -> (artifact id: '00026df6a4a7a1f587956dca58c4a2d8') in 0.011039 seconds 
========================================================================
Received Import Request.
  Time since last request: 6.351425 seconds.
  path: Assets/SyntyStudios/PolygonAdventure/Models/Collision/SM_Item_Fruit_01_Convex.asset
  artifactKey: Guid(4fd0c6acea58cb94c80da8dc9cf07cd4) Importer(815301076,1909f56bfc062723c751e8b465ee728b)
Start importing Assets/SyntyStudios/PolygonAdventure/Models/Collision/SM_Item_Fruit_01_Convex.asset using Guid(4fd0c6acea58cb94c80da8dc9cf07cd4) Importer(815301076,1909f56bfc062723c751e8b465ee728b)  -> (artifact id: '0ca037d3c457251c863952f9137dba4a') in 0.017938 seconds 
========================================================================
Received Import Request.
  Time since last request: 0.000100 seconds.
  path: Assets/SyntyStudios/PolygonAdventure/Models/Collision/SM_Prop_Barrel_02_Convex 5.asset
  artifactKey: Guid(9e285fc5d65bf624b92fc352a17afa50) Importer(815301076,1909f56bfc062723c751e8b465ee728b)
Start importing Assets/SyntyStudios/PolygonAdventure/Models/Collision/SM_Prop_Barrel_02_Convex 5.asset using Guid(9e285fc5d65bf624b92fc352a17afa50) Importer(815301076,1909f56bfc062723c751e8b465ee728b)  -> (artifact id: '9656ef48a14344993d2c27389f39fd9c') in 0.009919 seconds 
========================================================================
Received Import Request.
  Time since last request: 0.000102 seconds.
  path: Assets/SyntyStudios/PolygonAdventure/Models/Collision/SM_Prop_Barrel_02_Convex 2.asset
  artifactKey: Guid(f326238481e3ff6438a1835138516af4) Importer(815301076,1909f56bfc062723c751e8b465ee728b)
Start importing Assets/SyntyStudios/PolygonAdventure/Models/Collision/SM_Prop_Barrel_02_Convex 2.asset using Guid(f326238481e3ff6438a1835138516af4) Importer(815301076,1909f56bfc062723c751e8b465ee728b)  -> (artifact id: '64603e9a7b077ec1d1b266c3a181f5f0') in 0.016734 seconds 
========================================================================
Received Import Request.
  Time since last request: 0.000094 seconds.
  path: Assets/SyntyStudios/PolygonAdventure/Models/Collision/SM_Prop_Basket_01_Convex 2.asset
  artifactKey: Guid(9e7b892d3f34b8441b0bbbc733ff14f0) Importer(815301076,1909f56bfc062723c751e8b465ee728b)
Start importing Assets/SyntyStudios/PolygonAdventure/Models/Collision/SM_Prop_Basket_01_Convex 2.asset using Guid(9e7b892d3f34b8441b0bbbc733ff14f0) Importer(815301076,1909f56bfc062723c751e8b465ee728b)  -> (artifact id: '867ffa694fea0cc25351a291562344b0') in 0.007841 seconds 
========================================================================
Received Import Request.
  Time since last request: 0.000095 seconds.
  path: Assets/SyntyStudios/PolygonAdventure/Models/Collision/SM_Prop_Basket_01_Convex.asset
  artifactKey: Guid(b0c270902f5bd474a9299ab084781ca2) Importer(815301076,1909f56bfc062723c751e8b465ee728b)
Start importing Assets/SyntyStudios/PolygonAdventure/Models/Collision/SM_Prop_Basket_01_Convex.asset using Guid(b0c270902f5bd474a9299ab084781ca2) Importer(815301076,1909f56bfc062723c751e8b465ee728b)  -> (artifact id: '5f3df70c7ba4f80a9aed410fee6cee70') in 0.008083 seconds 
========================================================================
Received Import Request.
  Time since last request: 0.000089 seconds.
  path: Assets/SyntyStudios/PolygonAdventure/Models/Collision/SM_Prop_Basket_01_Convex 1.asset
  artifactKey: Guid(435ff12e10f975749aaa3b97a147abad) Importer(815301076,1909f56bfc062723c751e8b465ee728b)
Start importing Assets/SyntyStudios/PolygonAdventure/Models/Collision/SM_Prop_Basket_01_Convex 1.asset using Guid(435ff12e10f975749aaa3b97a147abad) Importer(815301076,1909f56bfc062723c751e8b465ee728b)  -> (artifact id: 'df79c86061c4cb9ba87190cd0c5d3176') in 0.009599 seconds 
========================================================================
Received Import Request.
  Time since last request: 0.000095 seconds.
  path: Assets/SyntyStudios/PolygonAdventure/Models/Collision/SM_Prop_Basket_02_Convex 1.asset
  artifactKey: Guid(764792ecc25ab374e90ab0e7c70aadbc) Importer(815301076,1909f56bfc062723c751e8b465ee728b)
Start importing Assets/SyntyStudios/PolygonAdventure/Models/Collision/SM_Prop_Basket_02_Convex 1.asset using Guid(764792ecc25ab374e90ab0e7c70aadbc) Importer(815301076,1909f56bfc062723c751e8b465ee728b)  -> (artifact id: 'ad84be582907d71e18d4f751055bf4ed') in 0.009066 seconds 
========================================================================
Received Import Request.
  Time since last request: 0.000098 seconds.
  path: Assets/SyntyStudios/PolygonAdventure/Models/Collision/SM_Prop_Barrel_01_Convex 1.asset
  artifactKey: Guid(22f6a3e7213cac44596ca9402eef5280) Importer(815301076,1909f56bfc062723c751e8b465ee728b)
Start importing Assets/SyntyStudios/PolygonAdventure/Models/Collision/SM_Prop_Barrel_01_Convex 1.asset using Guid(22f6a3e7213cac44596ca9402eef5280) Importer(815301076,1909f56bfc062723c751e8b465ee728b)  -> (artifact id: 'c55ad4017f95ce4d24762cd1526e63f9') in 0.007546 seconds 
========================================================================
Received Import Request.
  Time since last request: 0.000098 seconds.
  path: Assets/SyntyStudios/PolygonAdventure/Models/Collision/SM_Prop_Barrel_02_Convex.asset
  artifactKey: Guid(676111a587e7ab7428949b1f4f3b0ecb) Importer(815301076,1909f56bfc062723c751e8b465ee728b)
Start importing Assets/SyntyStudios/PolygonAdventure/Models/Collision/SM_Prop_Barrel_02_Convex.asset using Guid(676111a587e7ab7428949b1f4f3b0ecb) Importer(815301076,1909f56bfc062723c751e8b465ee728b)  -> (artifact id: 'c8de1b870f83c942553fee28276e12f8') in 0.007242 seconds 
========================================================================
Received Import Request.
  Time since last request: 0.000096 seconds.
  path: Assets/SyntyStudios/PolygonAdventure/Models/Collision/SM_Prop_Basket_03_Convex.asset
  artifactKey: Guid(e46485b7737313444b435c0bd32165c8) Importer(815301076,1909f56bfc062723c751e8b465ee728b)
Start importing Assets/SyntyStudios/PolygonAdventure/Models/Collision/SM_Prop_Basket_03_Convex.asset using Guid(e46485b7737313444b435c0bd32165c8) Importer(815301076,1909f56bfc062723c751e8b465ee728b)  -> (artifact id: '19f2be14c4f20a8731abfd98c9731b1c') in 0.007181 seconds 
========================================================================
Received Import Request.
  Time since last request: 0.000101 seconds.
  path: Assets/SyntyStudios/PolygonAdventure/Models/Collision/SM_Prop_Basket_04_Convex 1.asset
  artifactKey: Guid(c0b58bd397a065240aecfecbf324ff35) Importer(815301076,1909f56bfc062723c751e8b465ee728b)
Start importing Assets/SyntyStudios/PolygonAdventure/Models/Collision/SM_Prop_Basket_04_Convex 1.asset using Guid(c0b58bd397a065240aecfecbf324ff35) Importer(815301076,1909f56bfc062723c751e8b465ee728b)  -> (artifact id: '8fb8956fafe715e922882ab94f2a691c') in 0.007399 seconds 
========================================================================
Received Import Request.
  Time since last request: 0.000095 seconds.
  path: Assets/SyntyStudios/PolygonAdventure/Models/Collision/SM_Prop_Basket_04_Convex 2.asset
  artifactKey: Guid(236029d4cd919b14d9c2ed490bc7a3eb) Importer(815301076,1909f56bfc062723c751e8b465ee728b)
Start importing Assets/SyntyStudios/PolygonAdventure/Models/Collision/SM_Prop_Basket_04_Convex 2.asset using Guid(236029d4cd919b14d9c2ed490bc7a3eb) Importer(815301076,1909f56bfc062723c751e8b465ee728b)  -> (artifact id: 'ceb7f3cb146f5df687e59774f5ef0cd8') in 0.007240 seconds 
========================================================================
Received Import Request.
  Time since last request: 0.000095 seconds.
  path: Assets/SyntyStudios/PolygonAdventure/Models/Collision/SM_Prop_Barrel_02_Convex 1.asset
  artifactKey: Guid(0ef7ac418d0f2a24a8c7997bdfb8a3d4) Importer(815301076,1909f56bfc062723c751e8b465ee728b)
Start importing Assets/SyntyStudios/PolygonAdventure/Models/Collision/SM_Prop_Barrel_02_Convex 1.asset using Guid(0ef7ac418d0f2a24a8c7997bdfb8a3d4) Importer(815301076,1909f56bfc062723c751e8b465ee728b)  -> (artifact id: 'be79c940882594dfc7a9212c1707626b') in 0.007358 seconds 
========================================================================
Received Import Request.
  Time since last request: 0.000093 seconds.
  path: Assets/SyntyStudios/PolygonAdventure/Models/Collision/SM_Prop_Barrel_02_Convex 4.asset
  artifactKey: Guid(a420ee373d682974b8b6ac151f3fd475) Importer(815301076,1909f56bfc062723c751e8b465ee728b)
Start importing Assets/SyntyStudios/PolygonAdventure/Models/Collision/SM_Prop_Barrel_02_Convex 4.asset using Guid(a420ee373d682974b8b6ac151f3fd475) Importer(815301076,1909f56bfc062723c751e8b465ee728b)  -> (artifact id: '1d6a01321241734879c4ad0d04077db5') in 0.007292 seconds 
========================================================================
Received Import Request.
  Time since last request: 0.000094 seconds.
  path: Assets/SyntyStudios/PolygonAdventure/Models/Collision/SM_Item_Fruit_02_Convex.asset
  artifactKey: Guid(71afb9abd7199a446944f6f11b5dee2b) Importer(815301076,1909f56bfc062723c751e8b465ee728b)
Start importing Assets/SyntyStudios/PolygonAdventure/Models/Collision/SM_Item_Fruit_02_Convex.asset using Guid(71afb9abd7199a446944f6f11b5dee2b) Importer(815301076,1909f56bfc062723c751e8b465ee728b)  -> (artifact id: 'c033c28753f05f25f48697f7526070f1') in 0.007696 seconds 
========================================================================
Received Import Request.
  Time since last request: 0.000093 seconds.
  path: Assets/SyntyStudios/PolygonAdventure/Models/Collision/SM_Prop_Barrel_02_Convex 3.asset
  artifactKey: Guid(9b82f229072778d479a27b4f46fdd14f) Importer(815301076,1909f56bfc062723c751e8b465ee728b)
Start importing Assets/SyntyStudios/PolygonAdventure/Models/Collision/SM_Prop_Barrel_02_Convex 3.asset using Guid(9b82f229072778d479a27b4f46fdd14f) Importer(815301076,1909f56bfc062723c751e8b465ee728b)  -> (artifact id: '4a33cbc7ba1bf84db1280457d15e3b05') in 0.007070 seconds 
========================================================================
Received Import Request.
  Time since last request: 0.000093 seconds.
  path: Assets/SyntyStudios/PolygonAdventure/Models/Collision/SM_Prop_Basket_03_Convex 1.asset
  artifactKey: Guid(c0ad7aee63302d048b5ab3f9ccfaf59c) Importer(815301076,1909f56bfc062723c751e8b465ee728b)
Start importing Assets/SyntyStudios/PolygonAdventure/Models/Collision/SM_Prop_Basket_03_Convex 1.asset using Guid(c0ad7aee63302d048b5ab3f9ccfaf59c) Importer(815301076,1909f56bfc062723c751e8b465ee728b)  -> (artifact id: 'c364942faf2397103b9720bb21e98222') in 0.007347 seconds 
========================================================================
Received Import Request.
  Time since last request: 0.000092 seconds.
  path: Assets/SyntyStudios/PolygonAdventure/Models/Collision/SM_Prop_Barrel_01_Convex.asset
  artifactKey: Guid(4c2a7cd4bd4c9904ab748931c26207c6) Importer(815301076,1909f56bfc062723c751e8b465ee728b)
Start importing Assets/SyntyStudios/PolygonAdventure/Models/Collision/SM_Prop_Barrel_01_Convex.asset using Guid(4c2a7cd4bd4c9904ab748931c26207c6) Importer(815301076,1909f56bfc062723c751e8b465ee728b)  -> (artifact id: '853f2da795246579d030708bef643c72') in 0.007522 seconds 
========================================================================
Received Import Request.
  Time since last request: 0.000092 seconds.
  path: Assets/SyntyStudios/PolygonAdventure/Models/Collision/SM_Prop_Basket_02_Convex 2.asset
  artifactKey: Guid(117bd93da43a53445acc7ef4c59b28eb) Importer(815301076,1909f56bfc062723c751e8b465ee728b)
Start importing Assets/SyntyStudios/PolygonAdventure/Models/Collision/SM_Prop_Basket_02_Convex 2.asset using Guid(117bd93da43a53445acc7ef4c59b28eb) Importer(815301076,1909f56bfc062723c751e8b465ee728b)  -> (artifact id: '01213458f4975a5dfc931d2a8e327f71') in 0.007421 seconds 
========================================================================
Received Import Request.
  Time since last request: 0.000094 seconds.
  path: Assets/SyntyStudios/PolygonAdventure/Models/Collision/SM_Item_Fruit_03_Convex.asset
  artifactKey: Guid(00d6c7cdfdab3eb4782690006acfaadf) Importer(815301076,1909f56bfc062723c751e8b465ee728b)
Start importing Assets/SyntyStudios/PolygonAdventure/Models/Collision/SM_Item_Fruit_03_Convex.asset using Guid(00d6c7cdfdab3eb4782690006acfaadf) Importer(815301076,1909f56bfc062723c751e8b465ee728b)  -> (artifact id: 'b669ec9a0d6189d37583a2e0562ff761') in 0.007421 seconds 
========================================================================
Received Import Request.
  Time since last request: 0.000090 seconds.
  path: Assets/SyntyStudios/PolygonAdventure/Models/Collision/SM_Prop_Basket_03_Convex 2.asset
  artifactKey: Guid(8e0b5492c1115eb4791ebe22a5b0996e) Importer(815301076,1909f56bfc062723c751e8b465ee728b)
Start importing Assets/SyntyStudios/PolygonAdventure/Models/Collision/SM_Prop_Basket_03_Convex 2.asset using Guid(8e0b5492c1115eb4791ebe22a5b0996e) Importer(815301076,1909f56bfc062723c751e8b465ee728b)  -> (artifact id: '2dc1bbe260e4992c9de322ee1c3362ca') in 0.007264 seconds 
========================================================================
Received Import Request.
  Time since last request: 0.000091 seconds.
  path: Assets/SyntyStudios/PolygonAdventure/Models/Collision/SM_Prop_Basket_04_Convex.asset
  artifactKey: Guid(d68a0b75c9c340742b272056aa5f8b9e) Importer(815301076,1909f56bfc062723c751e8b465ee728b)
Start importing Assets/SyntyStudios/PolygonAdventure/Models/Collision/SM_Prop_Basket_04_Convex.asset using Guid(d68a0b75c9c340742b272056aa5f8b9e) Importer(815301076,1909f56bfc062723c751e8b465ee728b)  -> (artifact id: 'd1d880e86994310d5061f0df89736ed7') in 0.007821 seconds 
========================================================================
Received Import Request.
  Time since last request: 0.000093 seconds.
  path: Assets/SyntyStudios/PolygonAdventure/Models/Collision/SM_Prop_Basket_02_Convex.asset
  artifactKey: Guid(a87f7733e90e37f4991952fd0d7333b0) Importer(815301076,1909f56bfc062723c751e8b465ee728b)
Start importing Assets/SyntyStudios/PolygonAdventure/Models/Collision/SM_Prop_Basket_02_Convex.asset using Guid(a87f7733e90e37f4991952fd0d7333b0) Importer(815301076,1909f56bfc062723c751e8b465ee728b)  -> (artifact id: 'f8ee533fb8149e9cc4df8dd716c66444') in 0.008463 seconds 
========================================================================
Received Import Request.
  Time since last request: 35.153833 seconds.
  path: Assets/SyntyStudios/PolygonAdventure/Materials/Characters_Black.mat
  artifactKey: Guid(8c48e6085fe7e7f42be493f6ba01c6f3) Importer(815301076,1909f56bfc062723c751e8b465ee728b)
Start importing Assets/SyntyStudios/PolygonAdventure/Materials/Characters_Black.mat using Guid(8c48e6085fe7e7f42be493f6ba01c6f3) Importer(815301076,1909f56bfc062723c751e8b465ee728b)  -> (artifact id: '1814e3b1e1cae7a56a1c7ae93495ac3c') in 0.012287 seconds 
========================================================================
Received Import Request.
  Time since last request: 0.000101 seconds.
  path: Assets/SyntyStudios/PolygonAdventure/Materials/PolyAdventureTexture_01.mat
  artifactKey: Guid(642a474376b7d614893e122c6818aeff) Importer(815301076,1909f56bfc062723c751e8b465ee728b)
Start importing Assets/SyntyStudios/PolygonAdventure/Materials/PolyAdventureTexture_01.mat using Guid(642a474376b7d614893e122c6818aeff) Importer(815301076,1909f56bfc062723c751e8b465ee728b)  -> (artifact id: '4960d6910697273bba210fce918c8098') in 0.015997 seconds 
========================================================================
Received Import Request.
  Time since last request: 0.000105 seconds.
  path: Assets/SyntyStudios/PolygonAdventure/Materials/PolyAdventureMaterial_01.mat
  artifactKey: Guid(fa8eda4ec55ee1a4e99ca991c5828dbf) Importer(815301076,1909f56bfc062723c751e8b465ee728b)
Start importing Assets/SyntyStudios/PolygonAdventure/Materials/PolyAdventureMaterial_01.mat using Guid(fa8eda4ec55ee1a4e99ca991c5828dbf) Importer(815301076,1909f56bfc062723c751e8b465ee728b)  -> (artifact id: '1b4edd7280ec66a0b1a2de2ed08d96f5') in 0.166376 seconds 
========================================================================
Received Import Request.
  Time since last request: 0.000097 seconds.
  path: Assets/SyntyStudios/PolygonAdventure/Materials/PolyAdventureMaterial_02.mat
  artifactKey: Guid(880f89810f43de443898ff2ccd0fb5f3) Importer(815301076,1909f56bfc062723c751e8b465ee728b)
Start importing Assets/SyntyStudios/PolygonAdventure/Materials/PolyAdventureMaterial_02.mat using Guid(880f89810f43de443898ff2ccd0fb5f3) Importer(815301076,1909f56bfc062723c751e8b465ee728b)  -> (artifact id: '7b680bdc1ddfa4e0f153dd325b8a9dde') in 0.012598 seconds 
========================================================================
Received Import Request.
  Time since last request: 0.000092 seconds.
  path: Assets/SyntyStudios/PolygonAdventure/Materials/Characters_White.mat
  artifactKey: Guid(992dbfb15d8a08d4aa34207645c1d8fc) Importer(815301076,1909f56bfc062723c751e8b465ee728b)
Start importing Assets/SyntyStudios/PolygonAdventure/Materials/Characters_White.mat using Guid(992dbfb15d8a08d4aa34207645c1d8fc) Importer(815301076,1909f56bfc062723c751e8b465ee728b)  -> (artifact id: 'ab0489c0fa0cd28d0e25a3a44c354953') in 0.007604 seconds 
========================================================================
Received Import Request.
  Time since last request: 0.000094 seconds.
  path: Assets/SyntyStudios/PolygonAdventure/Materials/PolyAdventureMaterial_Dark_02.mat
  artifactKey: Guid(b437f558bb1a803499e54f549c2bda92) Importer(815301076,1909f56bfc062723c751e8b465ee728b)
Start importing Assets/SyntyStudios/PolygonAdventure/Materials/PolyAdventureMaterial_Dark_02.mat using Guid(b437f558bb1a803499e54f549c2bda92) Importer(815301076,1909f56bfc062723c751e8b465ee728b)  -> (artifact id: '9f1aa606c4de46bb2d613c625669c415') in 0.011323 seconds 
========================================================================
Received Import Request.
  Time since last request: 0.000091 seconds.
  path: Assets/SyntyStudios/PolygonAdventure/Materials/Characters_Brown.mat
  artifactKey: Guid(4d21dd5a8b5afa745bbd680f6e13697e) Importer(815301076,1909f56bfc062723c751e8b465ee728b)
Start importing Assets/SyntyStudios/PolygonAdventure/Materials/Characters_Brown.mat using Guid(4d21dd5a8b5afa745bbd680f6e13697e) Importer(815301076,1909f56bfc062723c751e8b465ee728b)  -> (artifact id: '53b35f78f2b6ad8b052150f4f371322e') in 0.007430 seconds 
========================================================================
Received Import Request.
  Time since last request: 0.000095 seconds.
  path: Assets/SyntyStudios/PolygonAdventure/Materials/PolyAdventureTexture_Dark_02.mat
  artifactKey: Guid(abd563e8d2fd12248bee8ad853cef89c) Importer(815301076,1909f56bfc062723c751e8b465ee728b)
Start importing Assets/SyntyStudios/PolygonAdventure/Materials/PolyAdventureTexture_Dark_02.mat using Guid(abd563e8d2fd12248bee8ad853cef89c) Importer(815301076,1909f56bfc062723c751e8b465ee728b)  -> (artifact id: 'e65959b3b3a043c302ab06bf4e1815c2') in 0.011706 seconds 
========================================================================
Received Import Request.
  Time since last request: 0.000102 seconds.
  path: Assets/SyntyStudios/PolygonAdventure/Materials/PolyAdventureTexture_02.mat
  artifactKey: Guid(e2a9b7e3993e10e4d83681881b2a8c60) Importer(815301076,1909f56bfc062723c751e8b465ee728b)
Start importing Assets/SyntyStudios/PolygonAdventure/Materials/PolyAdventureTexture_02.mat using Guid(e2a9b7e3993e10e4d83681881b2a8c60) Importer(815301076,1909f56bfc062723c751e8b465ee728b)  -> (artifact id: '39a4366abd54083a816aa9e9b1c318fd') in 0.011611 seconds 
========================================================================
Received Import Request.
  Time since last request: 0.000092 seconds.
  path: Assets/SyntyStudios/PolygonAdventure/Materials/PolyAdventureMaterial_Snow_01.mat
  artifactKey: Guid(fe202229726379c42adb32cce7658ce6) Importer(815301076,1909f56bfc062723c751e8b465ee728b)
Start importing Assets/SyntyStudios/PolygonAdventure/Materials/PolyAdventureMaterial_Snow_01.mat using Guid(fe202229726379c42adb32cce7658ce6) Importer(815301076,1909f56bfc062723c751e8b465ee728b)  -> (artifact id: 'aec74a3751e4f93e7ec9271961b38232') in 0.013150 seconds 
========================================================================
Received Import Request.
  Time since last request: 0.000091 seconds.
  path: Assets/SyntyStudios/PolygonAdventure/Materials/PolyAdventureMaterial_Water_01.mat
  artifactKey: Guid(9045494f93452344d811e0d183904816) Importer(815301076,1909f56bfc062723c751e8b465ee728b)
Start importing Assets/SyntyStudios/PolygonAdventure/Materials/PolyAdventureMaterial_Water_01.mat using Guid(9045494f93452344d811e0d183904816) Importer(815301076,1909f56bfc062723c751e8b465ee728b)  -> (artifact id: '4a8f7382888f683a5383185991ff15fe') in 0.007909 seconds 
========================================================================
Received Import Request.
  Time since last request: 0.000090 seconds.
  path: Assets/SyntyStudios/PolygonAdventure/Materials/PolyAdventureMaterial_Dark_01.mat
  artifactKey: Guid(37b168582e3c39e4f8a706d91e01c206) Importer(815301076,1909f56bfc062723c751e8b465ee728b)
Start importing Assets/SyntyStudios/PolygonAdventure/Materials/PolyAdventureMaterial_Dark_01.mat using Guid(37b168582e3c39e4f8a706d91e01c206) Importer(815301076,1909f56bfc062723c751e8b465ee728b)  -> (artifact id: '830ae004c31465a5f46855eab2f2ba30') in 0.011927 seconds 
========================================================================
Received Import Request.
  Time since last request: 194.030069 seconds.
  path: Assets/SyntyStudios/PolygonAdventure/Models/Collision
  artifactKey: Guid(5088854e5dacb0d4e897a13c0c4c08eb) Importer(815301076,1909f56bfc062723c751e8b465ee728b)
Start importing Assets/SyntyStudios/PolygonAdventure/Models/Collision using Guid(5088854e5dacb0d4e897a13c0c4c08eb) Importer(815301076,1909f56bfc062723c751e8b465ee728b)  -> (artifact id: '2f4534df7d6b33c5f6c85bb528448e91') in 0.005837 seconds 
========================================================================
Received Import Request.
  Time since last request: 5.792133 seconds.
  path: Assets/SyntyStudios/PolygonAdventure/Prefabs/Items/SM_Item_Fruit_01.prefab
  artifactKey: Guid(eb1084389c6861649a52c10577c7d77e) Importer(815301076,1909f56bfc062723c751e8b465ee728b)
Start importing Assets/SyntyStudios/PolygonAdventure/Prefabs/Items/SM_Item_Fruit_01.prefab using Guid(eb1084389c6861649a52c10577c7d77e) Importer(815301076,1909f56bfc062723c751e8b465ee728b)  -> (artifact id: '987a017ffa4e63bae763b4cf40fec735') in 0.008283 seconds 
========================================================================
Received Import Request.
  Time since last request: 5.136145 seconds.
  path: Assets/SyntyStudios/PolygonAdventure/Prefabs/Items/SM_Item_Fruit_02.prefab
  artifactKey: Guid(13bc7e8dc4a1fce4fb5bd7665ebc3013) Importer(815301076,1909f56bfc062723c751e8b465ee728b)
Start importing Assets/SyntyStudios/PolygonAdventure/Prefabs/Items/SM_Item_Fruit_02.prefab using Guid(13bc7e8dc4a1fce4fb5bd7665ebc3013) Importer(815301076,1909f56bfc062723c751e8b465ee728b)  -> (artifact id: 'ec750a2b3822fcc9848e3d11c770f6fe') in 0.005509 seconds 
========================================================================
Received Import Request.
  Time since last request: 1.174306 seconds.
  path: Assets/SyntyStudios/PolygonAdventure/Prefabs/Items/SM_Item_Fruit_02.prefab
  artifactKey: Guid(13bc7e8dc4a1fce4fb5bd7665ebc3013) Importer(815301076,1909f56bfc062723c751e8b465ee728b)
Start importing Assets/SyntyStudios/PolygonAdventure/Prefabs/Items/SM_Item_Fruit_02.prefab using Guid(13bc7e8dc4a1fce4fb5bd7665ebc3013) Importer(815301076,1909f56bfc062723c751e8b465ee728b)  -> (artifact id: 'db904a5089ec2a218ef690d33255d54b') in 0.002327 seconds 
========================================================================
Received Import Request.
  Time since last request: 1.977773 seconds.
  path: Assets/SyntyStudios/PolygonAdventure/Prefabs/Items/SM_Item_Fruit_02.prefab
  artifactKey: Guid(13bc7e8dc4a1fce4fb5bd7665ebc3013) Importer(815301076,1909f56bfc062723c751e8b465ee728b)
Start importing Assets/SyntyStudios/PolygonAdventure/Prefabs/Items/SM_Item_Fruit_02.prefab using Guid(13bc7e8dc4a1fce4fb5bd7665ebc3013) Importer(815301076,1909f56bfc062723c751e8b465ee728b)  -> (artifact id: '915bf8e7155ea19078a7eba6f8f58a25') in 0.002428 seconds 
========================================================================
Received Import Request.
  Time since last request: 3.226755 seconds.
  path: Assets/SyntyStudios/PolygonAdventure/Prefabs/Items/SM_Item_Fruit_01.prefab
  artifactKey: Guid(eb1084389c6861649a52c10577c7d77e) Importer(815301076,1909f56bfc062723c751e8b465ee728b)
Start importing Assets/SyntyStudios/PolygonAdventure/Prefabs/Items/SM_Item_Fruit_01.prefab using Guid(eb1084389c6861649a52c10577c7d77e) Importer(815301076,1909f56bfc062723c751e8b465ee728b)  -> (artifact id: 'f1f74662cacd29ec4a9e3f2a1dcd7ce2') in 0.002631 seconds 
========================================================================
Received Import Request.
  Time since last request: 270.525688 seconds.
  path: Assets/SyntyStudios/PolygonAdventure/Prefabs/Items/SM_Item_Fruit_01.prefab
  artifactKey: Guid(eb1084389c6861649a52c10577c7d77e) Importer(815301076,1909f56bfc062723c751e8b465ee728b)
Start importing Assets/SyntyStudios/PolygonAdventure/Prefabs/Items/SM_Item_Fruit_01.prefab using Guid(eb1084389c6861649a52c10577c7d77e) Importer(815301076,1909f56bfc062723c751e8b465ee728b)  -> (artifact id: '91491b7365504c37de708031547dca76') in 0.014511 seconds 
========================================================================
Received Import Request.
  Time since last request: 765.016110 seconds.
  path: Assets/FROOD/Models/Apple.fbx
  artifactKey: Guid(8565aa5abe7675f41b62cb1bf02db304) Importer(815301076,1909f56bfc062723c751e8b465ee728b)
Start importing Assets/FROOD/Models/Apple.fbx using Guid(8565aa5abe7675f41b62cb1bf02db304) Importer(815301076,1909f56bfc062723c751e8b465ee728b)  -> (artifact id: '290494fcc6685303802939ad118f0b41') in 0.048032 seconds 
========================================================================
Received Import Request.
  Time since last request: 7.553103 seconds.
  path: Assets/FROOD/Prefabs
  artifactKey: Guid(2663222b3f4b8304d933d340f14f9141) Importer(815301076,1909f56bfc062723c751e8b465ee728b)
Start importing Assets/FROOD/Prefabs using Guid(2663222b3f4b8304d933d340f14f9141) Importer(815301076,1909f56bfc062723c751e8b465ee728b)  -> (artifact id: '8a7d4c785db3d73e9017d074703297f0') in 0.005852 seconds 
========================================================================
Received Import Request.
  Time since last request: 0.537031 seconds.
  path: Assets/FROOD/Prefabs/Apple.prefab
  artifactKey: Guid(7fcd3278f7f2d5742930764d5f8e4ada) Importer(815301076,1909f56bfc062723c751e8b465ee728b)
Start importing Assets/FROOD/Prefabs/Apple.prefab using Guid(7fcd3278f7f2d5742930764d5f8e4ada) Importer(815301076,1909f56bfc062723c751e8b465ee728b)  -> (artifact id: '3c5c81fc6c5b24fb54d031fbd8dabef2') in 0.009977 seconds 
========================================================================
Received Import Request.
  Time since last request: 49.044705 seconds.
  path: Assets/FROOD/Materials/Apple.mat
  artifactKey: Guid(ca135870d6b002d468e306d039e66fa4) Importer(815301076,1909f56bfc062723c751e8b465ee728b)
Start importing Assets/FROOD/Materials/Apple.mat using Guid(ca135870d6b002d468e306d039e66fa4) Importer(815301076,1909f56bfc062723c751e8b465ee728b)  -> (artifact id: '0143e3361a278bb8ee986906f495c0c0') in 0.012164 seconds 
========================================================================
Received Import Request.
  Time since last request: 0.000104 seconds.
  path: Assets/SyntyStudios/PolygonAdventure/Materials/PolyAdventureMaterial_02.mat
  artifactKey: Guid(880f89810f43de443898ff2ccd0fb5f3) Importer(815301076,1909f56bfc062723c751e8b465ee728b)
Start importing Assets/SyntyStudios/PolygonAdventure/Materials/PolyAdventureMaterial_02.mat using Guid(880f89810f43de443898ff2ccd0fb5f3) Importer(815301076,1909f56bfc062723c751e8b465ee728b)  -> (artifact id: '4c6aafd3103924dccf8eac7a9268ab61') in 0.011169 seconds 
========================================================================
Received Import Request.
  Time since last request: 0.000094 seconds.
  path: Assets/SyntyStudios/PolygonAdventure/Materials/Characters_White.mat
  artifactKey: Guid(992dbfb15d8a08d4aa34207645c1d8fc) Importer(815301076,1909f56bfc062723c751e8b465ee728b)
Start importing Assets/SyntyStudios/PolygonAdventure/Materials/Characters_White.mat using Guid(992dbfb15d8a08d4aa34207645c1d8fc) Importer(815301076,1909f56bfc062723c751e8b465ee728b)  -> (artifact id: '647776e9dc675b3e261695fbe906bc0f') in 0.007689 seconds 
========================================================================
Received Import Request.
  Time since last request: 0.000100 seconds.
  path: Assets/SyntyStudios/PolygonAdventure/Materials/Characters_Black.mat
  artifactKey: Guid(8c48e6085fe7e7f42be493f6ba01c6f3) Importer(815301076,1909f56bfc062723c751e8b465ee728b)
Start importing Assets/SyntyStudios/PolygonAdventure/Materials/Characters_Black.mat using Guid(8c48e6085fe7e7f42be493f6ba01c6f3) Importer(815301076,1909f56bfc062723c751e8b465ee728b)  -> (artifact id: '13e6eee6ce01c1fee1e8c53a93b642bc') in 0.007769 seconds 
========================================================================
Received Import Request.
  Time since last request: 0.000092 seconds.
  path: Assets/HandPaintedBarkTextures/Materials/bark_02.mat
  artifactKey: Guid(5f02da22496f1324ea6bdc88b050b8c3) Importer(815301076,1909f56bfc062723c751e8b465ee728b)
Start importing Assets/HandPaintedBarkTextures/Materials/bark_02.mat using Guid(5f02da22496f1324ea6bdc88b050b8c3) Importer(815301076,1909f56bfc062723c751e8b465ee728b)  -> (artifact id: '1c8a55f96ec26b82c2ba8bb42e8b1651') in 0.013656 seconds 
========================================================================
Received Import Request.
  Time since last request: 0.000096 seconds.
  path: Assets/SyntyStudios/PolygonAdventure/Materials/Characters_Brown.mat
  artifactKey: Guid(4d21dd5a8b5afa745bbd680f6e13697e) Importer(815301076,1909f56bfc062723c751e8b465ee728b)
Start importing Assets/SyntyStudios/PolygonAdventure/Materials/Characters_Brown.mat using Guid(4d21dd5a8b5afa745bbd680f6e13697e) Importer(815301076,1909f56bfc062723c751e8b465ee728b)  -> (artifact id: '7402429baf5f8e1979f514dbbd7718e2') in 0.016380 seconds 
========================================================================
Received Import Request.
  Time since last request: 0.000095 seconds.
  path: Assets/Materials/Mat_Apple.mat
  artifactKey: Guid(60761db69e0b62444a49cf643e4294d2) Importer(815301076,1909f56bfc062723c751e8b465ee728b)
Start importing Assets/Materials/Mat_Apple.mat using Guid(60761db69e0b62444a49cf643e4294d2) Importer(815301076,1909f56bfc062723c751e8b465ee728b)  -> (artifact id: 'c6691a961cde27147486e0beb2aac46f') in 0.008012 seconds 
========================================================================
Received Import Request.
  Time since last request: 137.285445 seconds.
  path: Assets/FROOD/Prefabs/Apple.prefab
  artifactKey: Guid(7fcd3278f7f2d5742930764d5f8e4ada) Importer(815301076,1909f56bfc062723c751e8b465ee728b)
Start importing Assets/FROOD/Prefabs/Apple.prefab using Guid(7fcd3278f7f2d5742930764d5f8e4ada) Importer(815301076,1909f56bfc062723c751e8b465ee728b)  -> (artifact id: 'f0d9cdff17d056c3b4cb7fc68e20853c') in 0.015286 seconds 
========================================================================
Received Import Request.
  Time since last request: 18.607723 seconds.
  path: Assets/SyntyStudios/PolygonAdventure/Prefabs/Props/SM_Prop_Basket_02.prefab
  artifactKey: Guid(7c9db1abedcdc2443bde7301346f4dc3) Importer(815301076,1909f56bfc062723c751e8b465ee728b)
Start importing Assets/SyntyStudios/PolygonAdventure/Prefabs/Props/SM_Prop_Basket_02.prefab using Guid(7c9db1abedcdc2443bde7301346f4dc3) Importer(815301076,1909f56bfc062723c751e8b465ee728b)  -> (artifact id: 'caf2f879396bc4f5f35c82dd16bd61c6') in 0.005973 seconds 
========================================================================
Received Import Request.
  Time since last request: 0.000100 seconds.
  path: Assets/SyntyStudios/PolygonAdventure/Prefabs/Props/SM_Prop_Crate_02.prefab
  artifactKey: Guid(b02bc145bce4ede4da8151c54b21e0e0) Importer(815301076,1909f56bfc062723c751e8b465ee728b)
Start importing Assets/SyntyStudios/PolygonAdventure/Prefabs/Props/SM_Prop_Crate_02.prefab using Guid(b02bc145bce4ede4da8151c54b21e0e0) Importer(815301076,1909f56bfc062723c751e8b465ee728b)  -> (artifact id: '89634dabdc5544c28764f1c2de2326da') in 0.008200 seconds 
========================================================================
Received Import Request.
  Time since last request: 0.000095 seconds.
  path: Assets/SyntyStudios/PolygonAdventure/Prefabs/Props/SM_Prop_Basket_03.prefab
  artifactKey: Guid(d9b3a115a210dd242aec65164919e678) Importer(815301076,1909f56bfc062723c751e8b465ee728b)
Start importing Assets/SyntyStudios/PolygonAdventure/Prefabs/Props/SM_Prop_Basket_03.prefab using Guid(d9b3a115a210dd242aec65164919e678) Importer(815301076,1909f56bfc062723c751e8b465ee728b)  -> (artifact id: '857cbc7468f7e14abcba1705a7f64ead') in 0.007975 seconds 
========================================================================
Received Import Request.
  Time since last request: 143.831486 seconds.
  path: Assets/FROOD/Prefabs/Apple.prefab
  artifactKey: Guid(7fcd3278f7f2d5742930764d5f8e4ada) Importer(815301076,1909f56bfc062723c751e8b465ee728b)
Start importing Assets/FROOD/Prefabs/Apple.prefab using Guid(7fcd3278f7f2d5742930764d5f8e4ada) Importer(815301076,1909f56bfc062723c751e8b465ee728b)  -> (artifact id: 'a00605382154cac4b3346efec03124c7') in 0.008482 seconds 
========================================================================
Received Import Request.
  Time since last request: 2.006302 seconds.
  path: Assets/FROOD/Prefabs/Apple.prefab
  artifactKey: Guid(7fcd3278f7f2d5742930764d5f8e4ada) Importer(815301076,1909f56bfc062723c751e8b465ee728b)
Start importing Assets/FROOD/Prefabs/Apple.prefab using Guid(7fcd3278f7f2d5742930764d5f8e4ada) Importer(815301076,1909f56bfc062723c751e8b465ee728b)  -> (artifact id: '2a267c05a32c824d9bb074c9e42e9483') in 0.008327 seconds 
========================================================================
Received Import Request.
  Time since last request: 2.407133 seconds.
  path: Assets/FROOD/Prefabs/Apple.prefab
  artifactKey: Guid(7fcd3278f7f2d5742930764d5f8e4ada) Importer(815301076,1909f56bfc062723c751e8b465ee728b)
Start importing Assets/FROOD/Prefabs/Apple.prefab using Guid(7fcd3278f7f2d5742930764d5f8e4ada) Importer(815301076,1909f56bfc062723c751e8b465ee728b)  -> (artifact id: '33ca183a94d9567939a6a2fd2b14057e') in 0.005837 seconds 
========================================================================
Received Import Request.
  Time since last request: 60.943360 seconds.
  path: Assets/Materials/Mat_Apple.mat
  artifactKey: Guid(ca135870d6b002d468e306d039e66fa4) Importer(815301076,1909f56bfc062723c751e8b465ee728b)
Start importing Assets/Materials/Mat_Apple.mat using Guid(ca135870d6b002d468e306d039e66fa4) Importer(815301076,1909f56bfc062723c751e8b465ee728b)  -> (artifact id: 'e636aa206d71db8dad43d26c77853368') in 0.016716 seconds 
========================================================================
Received Import Request.
  Time since last request: 111.255972 seconds.
  path: ProjectSettings/TagManager.asset
  artifactKey: Guid(00000000000000003000000000000000) Importer(815301076,1909f56bfc062723c751e8b465ee728b)
Start importing ProjectSettings/TagManager.asset using Guid(00000000000000003000000000000000) Importer(815301076,1909f56bfc062723c751e8b465ee728b)  -> (artifact id: 'ce6a35c3cddc746e7501c0bd0ed6d4ce') in 0.008632 seconds 
========================================================================
Received Prepare
Registering precompiled user dll's ...
Registered in 0.001981 seconds.
Begin MonoManager ReloadAssembly
Native extension for WindowsStandalone target not found
Refreshing native plugins compatible for Editor in 0.21 ms, found 2 plugins.
Preloading 0 native plugins for Editor in 0.00 ms.
Mono: successfully reloaded assembly
- Completed reload, in  0.686 seconds
Domain Reload Profiling:
	ReloadAssembly (686ms)
		BeginReloadAssembly (75ms)
			ExecutionOrderSort (0ms)
			DisableScriptedObjects (2ms)
			BackupInstance (0ms)
			ReleaseScriptingObjects (0ms)
			CreateAndSetChildDomain (19ms)
		EndReloadAssembly (573ms)
			LoadAssemblies (58ms)
			RebuildTransferFunctionScriptingTraits (0ms)
			SetupTypeCache (138ms)
			ReleaseScriptCaches (0ms)
			RebuildScriptCaches (19ms)
			SetupLoadedEditorAssemblies (322ms)
				LogAssemblyErrors (0ms)
				InitializePlatformSupportModulesInManaged (3ms)
				SetLoadedEditorAssemblies (0ms)
				RefreshPlugins (0ms)
				BeforeProcessingInitializeOnLoad (44ms)
				ProcessInitializeOnLoadAttributes (265ms)
				ProcessInitializeOnLoadMethodAttributes (5ms)
				AfterProcessingInitializeOnLoad (5ms)
				EditorAssembliesLoaded (0ms)
			ExecutionOrderSort2 (0ms)
			AwakeInstancesAfterBackupRestoration (1ms)
Platform modules already initialized, skipping
Refreshing native plugins compatible for Editor in 0.23 ms, found 2 plugins.
Preloading 0 native plugins for Editor in 0.00 ms.
Unloading 1319 Unused Serialized files (Serialized files now loaded: 0)
System memory in use before: 185.4 MB.
System memory in use after: 185.5 MB.

Unloading 13 unused Assets to reduce memory usage. Loaded Objects now: 1847.
Total: 1.791800 ms (FindLiveObjects: 0.074600 ms CreateObjectMapping: 0.020100 ms MarkObjects: 1.681300 ms  DeleteObjects: 0.015400 ms)

AssetImportParameters requested are different than current active one (requested -> active):
  custom:framework-win-MediaFoundation: 216162199b28c13a410421893ffa2e32 -> 
  custom:video-decoder-ogg-theora: a1e56fd34408186e4bbccfd4996cb3dc -> 
  custom:container-muxer-webm: aa71ff27fc2769a1b78a27578f13a17b -> 
  custom:container-demuxer-webm: 4f35f7cbe854078d1ac9338744f61a02 -> 
  custom:container-demuxer-ogg: 62fdf1f143b41e24485cea50d1cbac27 -> 
  custom:video-encoder-webm-vp8: eb34c28f22e8b96e1ab97ce403110664 -> 
  custom:video-decoder-webm-vp8: 9c59270c3fd7afecdb556c50c9e8de78 -> 
  custom:audio-decoder-ogg-vorbis: bf7c407c2cedff20999df2af8eb42d56 -> 
  custom:audio-encoder-webm-vorbis: bf7c407c2cedff20999df2af8eb42d56 -> 
========================================================================
Received Import Request.
  Time since last request: 93.070665 seconds.
  path: Assets/Prefabs/Apple.prefab
  artifactKey: Guid(121eba649f8e4034c9522da0e77d20a1) Importer(815301076,1909f56bfc062723c751e8b465ee728b)
Start importing Assets/Prefabs/Apple.prefab using Guid(121eba649f8e4034c9522da0e77d20a1) Importer(815301076,1909f56bfc062723c751e8b465ee728b)  -> (artifact id: 'bf6993b66bcbf9ed8bb1d0d7babaeebf') in 0.037340 seconds 
========================================================================
Received Prepare
Registering precompiled user dll's ...
Registered in 0.001991 seconds.
Begin MonoManager ReloadAssembly
Native extension for WindowsStandalone target not found
Refreshing native plugins compatible for Editor in 0.22 ms, found 2 plugins.
Preloading 0 native plugins for Editor in 0.00 ms.
Mono: successfully reloaded assembly
- Completed reload, in  0.525 seconds
Domain Reload Profiling:
	ReloadAssembly (525ms)
		BeginReloadAssembly (73ms)
			ExecutionOrderSort (0ms)
			DisableScriptedObjects (2ms)
			BackupInstance (0ms)
			ReleaseScriptingObjects (0ms)
			CreateAndSetChildDomain (19ms)
		EndReloadAssembly (415ms)
			LoadAssemblies (58ms)
			RebuildTransferFunctionScriptingTraits (0ms)
			SetupTypeCache (133ms)
			ReleaseScriptCaches (0ms)
			RebuildScriptCaches (19ms)
			SetupLoadedEditorAssemblies (170ms)
				LogAssemblyErrors (0ms)
				InitializePlatformSupportModulesInManaged (3ms)
				SetLoadedEditorAssemblies (0ms)
				RefreshPlugins (0ms)
				BeforeProcessingInitializeOnLoad (44ms)
				ProcessInitializeOnLoadAttributes (113ms)
				ProcessInitializeOnLoadMethodAttributes (5ms)
				AfterProcessingInitializeOnLoad (5ms)
				EditorAssembliesLoaded (0ms)
			ExecutionOrderSort2 (0ms)
			AwakeInstancesAfterBackupRestoration (1ms)
Platform modules already initialized, skipping
Refreshing native plugins compatible for Editor in 0.20 ms, found 2 plugins.
Preloading 0 native plugins for Editor in 0.00 ms.
Unloading 1319 Unused Serialized files (Serialized files now loaded: 0)
System memory in use before: 185.5 MB.
System memory in use after: 185.6 MB.

Unloading 11 unused Assets to reduce memory usage. Loaded Objects now: 1851.
Total: 1.644900 ms (FindLiveObjects: 0.067100 ms CreateObjectMapping: 0.019700 ms MarkObjects: 1.546600 ms  DeleteObjects: 0.011000 ms)

AssetImportParameters requested are different than current active one (requested -> active):
  custom:framework-win-MediaFoundation: 216162199b28c13a410421893ffa2e32 -> 
  custom:video-decoder-ogg-theora: a1e56fd34408186e4bbccfd4996cb3dc -> 
  custom:container-muxer-webm: aa71ff27fc2769a1b78a27578f13a17b -> 
  custom:container-demuxer-webm: 4f35f7cbe854078d1ac9338744f61a02 -> 
  custom:container-demuxer-ogg: 62fdf1f143b41e24485cea50d1cbac27 -> 
  custom:video-encoder-webm-vp8: eb34c28f22e8b96e1ab97ce403110664 -> 
  custom:video-decoder-webm-vp8: 9c59270c3fd7afecdb556c50c9e8de78 -> 
  custom:audio-decoder-ogg-vorbis: bf7c407c2cedff20999df2af8eb42d56 -> 
  custom:audio-encoder-webm-vorbis: bf7c407c2cedff20999df2af8eb42d56 -> 
========================================================================
Received Import Request.
  Time since last request: 222.805248 seconds.
  path: Assets/SyntyStudios/PolygonPrototype/Models
  artifactKey: Guid(a7e286d2d69bb5c45b1c011205ae3b8d) Importer(815301076,1909f56bfc062723c751e8b465ee728b)
Start importing Assets/SyntyStudios/PolygonPrototype/Models using Guid(a7e286d2d69bb5c45b1c011205ae3b8d) Importer(815301076,1909f56bfc062723c751e8b465ee728b)  -> (artifact id: '9cd9a71fd7d878ce8e488a480b2648e4') in 0.007841 seconds 
========================================================================
Received Import Request.
  Time since last request: 6.750548 seconds.
  path: Assets/SyntyStudios/PolygonPrototype/Prefabs/Icons
  artifactKey: Guid(971e41b4ef3c33f41ad80e06f163eba7) Importer(815301076,1909f56bfc062723c751e8b465ee728b)
Start importing Assets/SyntyStudios/PolygonPrototype/Prefabs/Icons using Guid(971e41b4ef3c33f41ad80e06f163eba7) Importer(815301076,1909f56bfc062723c751e8b465ee728b)  -> (artifact id: '9d73428f275239fd0b7d835fd27ecf21') in 0.006111 seconds 
========================================================================
Received Import Request.
  Time since last request: 0.962767 seconds.
  path: Assets/SyntyStudios/PolygonPrototype/Prefabs/Generic
  artifactKey: Guid(f92fbb5a2c7f4bc4fb749efa0cf872e4) Importer(815301076,1909f56bfc062723c751e8b465ee728b)
Start importing Assets/SyntyStudios/PolygonPrototype/Prefabs/Generic using Guid(f92fbb5a2c7f4bc4fb749efa0cf872e4) Importer(815301076,1909f56bfc062723c751e8b465ee728b)  -> (artifact id: '1533b5f4c7a4055ce835829cb565ff26') in 0.005759 seconds 
========================================================================
Received Import Request.
  Time since last request: 36.912132 seconds.
  path: Assets/SyntyStudios/PolygonPrototype/Prefabs
  artifactKey: Guid(f90180b1ee031f748974af4aabf3c126) Importer(815301076,1909f56bfc062723c751e8b465ee728b)
Start importing Assets/SyntyStudios/PolygonPrototype/Prefabs using Guid(f90180b1ee031f748974af4aabf3c126) Importer(815301076,1909f56bfc062723c751e8b465ee728b)  -> (artifact id: '081aac37e7e4d76b2994a6d88235c0d7') in 0.006106 seconds 
========================================================================
Received Import Request.
  Time since last request: 29.643059 seconds.
  path: Assets/FROOD/Models/Apple.fbx
  artifactKey: Guid(8565aa5abe7675f41b62cb1bf02db304) Importer(815301076,1909f56bfc062723c751e8b465ee728b)
Start importing Assets/FROOD/Models/Apple.fbx using Guid(8565aa5abe7675f41b62cb1bf02db304) Importer(815301076,1909f56bfc062723c751e8b465ee728b)  -> (artifact id: 'fbb88d4bffded9dac9d5536b8ca6edd1') in 0.045542 seconds 
========================================================================
Received Import Request.
  Time since last request: 4.368645 seconds.
  path: Assets/SyntyStudios/PolygonAdventure/Prefabs/Props/SM_Prop_Basket_02.prefab
  artifactKey: Guid(7c9db1abedcdc2443bde7301346f4dc3) Importer(815301076,1909f56bfc062723c751e8b465ee728b)
Start importing Assets/SyntyStudios/PolygonAdventure/Prefabs/Props/SM_Prop_Basket_02.prefab using Guid(7c9db1abedcdc2443bde7301346f4dc3) Importer(815301076,1909f56bfc062723c751e8b465ee728b)  -> (artifact id: 'abb5d39228d27edad35414c6b1ad28b6') in 0.009807 seconds 
========================================================================
Received Import Request.
  Time since last request: 3.417514 seconds.
  path: Assets/SyntyStudios/PolygonAdventure/Prefabs/Props/SM_Prop_Basket_02.prefab
  artifactKey: Guid(7c9db1abedcdc2443bde7301346f4dc3) Importer(815301076,1909f56bfc062723c751e8b465ee728b)
Start importing Assets/SyntyStudios/PolygonAdventure/Prefabs/Props/SM_Prop_Basket_02.prefab using Guid(7c9db1abedcdc2443bde7301346f4dc3) Importer(815301076,1909f56bfc062723c751e8b465ee728b)  -> (artifact id: '77fea0a48f6e8a2508c121cbe35763d3') in 0.007660 seconds 
========================================================================
Received Import Request.
  Time since last request: 1.395620 seconds.
  path: Assets/SyntyStudios/PolygonAdventure/Prefabs/Props/SM_Prop_Basket_02.prefab
  artifactKey: Guid(7c9db1abedcdc2443bde7301346f4dc3) Importer(815301076,1909f56bfc062723c751e8b465ee728b)
Start importing Assets/SyntyStudios/PolygonAdventure/Prefabs/Props/SM_Prop_Basket_02.prefab using Guid(7c9db1abedcdc2443bde7301346f4dc3) Importer(815301076,1909f56bfc062723c751e8b465ee728b)  -> (artifact id: 'b45b265f207626bdda6fd8938893f017') in 0.007741 seconds 
========================================================================
Received Import Request.
  Time since last request: 0.595318 seconds.
  path: Assets/SyntyStudios/PolygonAdventure/Prefabs/Props/SM_Prop_Basket_02.prefab
  artifactKey: Guid(7c9db1abedcdc2443bde7301346f4dc3) Importer(815301076,1909f56bfc062723c751e8b465ee728b)
Start importing Assets/SyntyStudios/PolygonAdventure/Prefabs/Props/SM_Prop_Basket_02.prefab using Guid(7c9db1abedcdc2443bde7301346f4dc3) Importer(815301076,1909f56bfc062723c751e8b465ee728b)  -> (artifact id: 'ae1a65be0395c6933a4d1792776baa57') in 0.006216 seconds 
========================================================================
Received Import Request.
  Time since last request: 0.602097 seconds.
  path: Assets/SyntyStudios/PolygonAdventure/Prefabs/Props/SM_Prop_Basket_02.prefab
  artifactKey: Guid(7c9db1abedcdc2443bde7301346f4dc3) Importer(815301076,1909f56bfc062723c751e8b465ee728b)
Start importing Assets/SyntyStudios/PolygonAdventure/Prefabs/Props/SM_Prop_Basket_02.prefab using Guid(7c9db1abedcdc2443bde7301346f4dc3) Importer(815301076,1909f56bfc062723c751e8b465ee728b)  -> (artifact id: '5dd2543a72aa98c5fe370f071f2d1536') in 0.006352 seconds 
========================================================================
Received Import Request.
  Time since last request: 1.607133 seconds.
  path: Assets/SyntyStudios/PolygonAdventure/Prefabs/Props/SM_Prop_Basket_02.prefab
  artifactKey: Guid(7c9db1abedcdc2443bde7301346f4dc3) Importer(815301076,1909f56bfc062723c751e8b465ee728b)
Start importing Assets/SyntyStudios/PolygonAdventure/Prefabs/Props/SM_Prop_Basket_02.prefab using Guid(7c9db1abedcdc2443bde7301346f4dc3) Importer(815301076,1909f56bfc062723c751e8b465ee728b)  -> (artifact id: '16c8d76e522fc54ce014bf3f480c4b9f') in 0.008004 seconds 
========================================================================
Received Import Request.
  Time since last request: 54.747929 seconds.
  path: Assets/SyntyStudios/PolygonPrototype/Prefabs/Generic/SM_Generic_TreeStump_01.prefab
  artifactKey: Guid(fa66820763744ef46b5a9cfb5ef88187) Importer(815301076,1909f56bfc062723c751e8b465ee728b)
Start importing Assets/SyntyStudios/PolygonPrototype/Prefabs/Generic/SM_Generic_TreeStump_01.prefab using Guid(fa66820763744ef46b5a9cfb5ef88187) Importer(815301076,1909f56bfc062723c751e8b465ee728b)  -> (artifact id: '2fbb8ac22cef8342162528dbf2525db0') in 0.016708 seconds 
========================================================================
Received Import Request.
  Time since last request: 7.736361 seconds.
  path: Assets/SyntyStudios/PolygonPrototype/Prefabs/Generic/SM_Generic_TreeStump_01.prefab
  artifactKey: Guid(fa66820763744ef46b5a9cfb5ef88187) Importer(815301076,1909f56bfc062723c751e8b465ee728b)
Start importing Assets/SyntyStudios/PolygonPrototype/Prefabs/Generic/SM_Generic_TreeStump_01.prefab using Guid(fa66820763744ef46b5a9cfb5ef88187) Importer(815301076,1909f56bfc062723c751e8b465ee728b)  -> (artifact id: '40546de3341c8db4f18ec6bbcf7da0ed') in 0.007951 seconds 
========================================================================
Received Import Request.
  Time since last request: 2.842429 seconds.
  path: Assets/SyntyStudios/PolygonPrototype/Prefabs/Generic/SM_Generic_TreeStump_01.prefab
  artifactKey: Guid(fa66820763744ef46b5a9cfb5ef88187) Importer(815301076,1909f56bfc062723c751e8b465ee728b)
Start importing Assets/SyntyStudios/PolygonPrototype/Prefabs/Generic/SM_Generic_TreeStump_01.prefab using Guid(fa66820763744ef46b5a9cfb5ef88187) Importer(815301076,1909f56bfc062723c751e8b465ee728b)  -> (artifact id: '62d166a722a10a4afbef48640dd328cd') in 0.007821 seconds 
========================================================================
Received Import Request.
  Time since last request: 4.838085 seconds.
  path: Assets/SyntyStudios/PolygonPrototype/Prefabs/Generic/SM_Generic_TreeStump_01.prefab
  artifactKey: Guid(fa66820763744ef46b5a9cfb5ef88187) Importer(815301076,1909f56bfc062723c751e8b465ee728b)
Start importing Assets/SyntyStudios/PolygonPrototype/Prefabs/Generic/SM_Generic_TreeStump_01.prefab using Guid(fa66820763744ef46b5a9cfb5ef88187) Importer(815301076,1909f56bfc062723c751e8b465ee728b)  -> (artifact id: 'da49d5b3a8e5a0b5f357deeb5a283dad') in 0.007893 seconds 
========================================================================
Received Import Request.
  Time since last request: 23.673481 seconds.
  path: Assets/SyntyStudios/PolygonAdventure/Prefabs/Props/SM_Prop_Basket_02.prefab
  artifactKey: Guid(7c9db1abedcdc2443bde7301346f4dc3) Importer(815301076,1909f56bfc062723c751e8b465ee728b)
Start importing Assets/SyntyStudios/PolygonAdventure/Prefabs/Props/SM_Prop_Basket_02.prefab using Guid(7c9db1abedcdc2443bde7301346f4dc3) Importer(815301076,1909f56bfc062723c751e8b465ee728b)  -> (artifact id: '860c53ca52d0acf743fe1ad77cba2435') in 0.002655 seconds 
========================================================================
Received Import Request.
  Time since last request: 13.646310 seconds.
  path: Assets/SyntyStudios/PolygonAdventure/Prefabs/Props/SM_Prop_Basket_01.prefab
  artifactKey: Guid(970cd4f601e083847b3c1dede5521995) Importer(815301076,1909f56bfc062723c751e8b465ee728b)
Start importing Assets/SyntyStudios/PolygonAdventure/Prefabs/Props/SM_Prop_Basket_01.prefab using Guid(970cd4f601e083847b3c1dede5521995) Importer(815301076,1909f56bfc062723c751e8b465ee728b)  -> (artifact id: 'c6a09d0266ae040ed7a5e8d61f821270') in 0.009070 seconds 
========================================================================
Received Import Request.
  Time since last request: 2.002595 seconds.
  path: Assets/SyntyStudios/PolygonAdventure/Prefabs/Props/SM_Prop_Basket_01.prefab
  artifactKey: Guid(970cd4f601e083847b3c1dede5521995) Importer(815301076,1909f56bfc062723c751e8b465ee728b)
Start importing Assets/SyntyStudios/PolygonAdventure/Prefabs/Props/SM_Prop_Basket_01.prefab using Guid(970cd4f601e083847b3c1dede5521995) Importer(815301076,1909f56bfc062723c751e8b465ee728b)  -> (artifact id: 'c9bb5b7c16877d575a86e3588117f042') in 0.007804 seconds 
========================================================================
Received Import Request.
  Time since last request: 0.800572 seconds.
  path: Assets/SyntyStudios/PolygonAdventure/Prefabs/Props/SM_Prop_Basket_01.prefab
  artifactKey: Guid(970cd4f601e083847b3c1dede5521995) Importer(815301076,1909f56bfc062723c751e8b465ee728b)
Start importing Assets/SyntyStudios/PolygonAdventure/Prefabs/Props/SM_Prop_Basket_01.prefab using Guid(970cd4f601e083847b3c1dede5521995) Importer(815301076,1909f56bfc062723c751e8b465ee728b)  -> (artifact id: 'cb1f226de52394ab0fe128ec56fefc43') in 0.006002 seconds 
========================================================================
Received Import Request.
  Time since last request: 0.798925 seconds.
  path: Assets/SyntyStudios/PolygonAdventure/Prefabs/Props/SM_Prop_Basket_01.prefab
  artifactKey: Guid(970cd4f601e083847b3c1dede5521995) Importer(815301076,1909f56bfc062723c751e8b465ee728b)
Start importing Assets/SyntyStudios/PolygonAdventure/Prefabs/Props/SM_Prop_Basket_01.prefab using Guid(970cd4f601e083847b3c1dede5521995) Importer(815301076,1909f56bfc062723c751e8b465ee728b)  -> (artifact id: '7de56df03147de27af530e3d67b90697') in 0.005940 seconds 
========================================================================
Received Import Request.
  Time since last request: 0.599958 seconds.
  path: Assets/SyntyStudios/PolygonAdventure/Prefabs/Props/SM_Prop_Basket_01.prefab
  artifactKey: Guid(970cd4f601e083847b3c1dede5521995) Importer(815301076,1909f56bfc062723c751e8b465ee728b)
Start importing Assets/SyntyStudios/PolygonAdventure/Prefabs/Props/SM_Prop_Basket_01.prefab using Guid(970cd4f601e083847b3c1dede5521995) Importer(815301076,1909f56bfc062723c751e8b465ee728b)  -> (artifact id: 'd6eddff2218754632f2d773a7ba598a5') in 0.006516 seconds 
========================================================================
Received Import Request.
  Time since last request: 0.599448 seconds.
  path: Assets/SyntyStudios/PolygonAdventure/Prefabs/Props/SM_Prop_Basket_01.prefab
  artifactKey: Guid(970cd4f601e083847b3c1dede5521995) Importer(815301076,1909f56bfc062723c751e8b465ee728b)
Start importing Assets/SyntyStudios/PolygonAdventure/Prefabs/Props/SM_Prop_Basket_01.prefab using Guid(970cd4f601e083847b3c1dede5521995) Importer(815301076,1909f56bfc062723c751e8b465ee728b)  -> (artifact id: 'aab0dace2ac643734bb6013b9939ba69') in 0.006131 seconds 
========================================================================
Received Import Request.
  Time since last request: 0.801851 seconds.
  path: Assets/SyntyStudios/PolygonAdventure/Prefabs/Props/SM_Prop_Basket_01.prefab
  artifactKey: Guid(970cd4f601e083847b3c1dede5521995) Importer(815301076,1909f56bfc062723c751e8b465ee728b)
Start importing Assets/SyntyStudios/PolygonAdventure/Prefabs/Props/SM_Prop_Basket_01.prefab using Guid(970cd4f601e083847b3c1dede5521995) Importer(815301076,1909f56bfc062723c751e8b465ee728b)  -> (artifact id: '3e7c63cf99c76e5077f8648b35dd5d91') in 0.007514 seconds 
========================================================================
Received Import Request.
  Time since last request: 30.415424 seconds.
  path: Assets/SyntyStudios/PolygonAdventure/Prefabs/Props/SM_Prop_Basket_01.prefab
  artifactKey: Guid(970cd4f601e083847b3c1dede5521995) Importer(815301076,1909f56bfc062723c751e8b465ee728b)
Start importing Assets/SyntyStudios/PolygonAdventure/Prefabs/Props/SM_Prop_Basket_01.prefab using Guid(970cd4f601e083847b3c1dede5521995) Importer(815301076,1909f56bfc062723c751e8b465ee728b)  -> (artifact id: '2b05f1835b7e15cce6b43a46726797fb') in 0.009557 seconds 
========================================================================
Received Import Request.
  Time since last request: 8.001181 seconds.
  path: Assets/SyntyStudios/PolygonAdventure/Prefabs/Props/SM_Prop_Basket_01.prefab
  artifactKey: Guid(970cd4f601e083847b3c1dede5521995) Importer(815301076,1909f56bfc062723c751e8b465ee728b)
Start importing Assets/SyntyStudios/PolygonAdventure/Prefabs/Props/SM_Prop_Basket_01.prefab using Guid(970cd4f601e083847b3c1dede5521995) Importer(815301076,1909f56bfc062723c751e8b465ee728b)  -> (artifact id: '1223e68525927b4c2e92b6da95410b67') in 0.008074 seconds 
========================================================================
Received Import Request.
  Time since last request: 2.597992 seconds.
  path: Assets/SyntyStudios/PolygonAdventure/Prefabs/Props/SM_Prop_Basket_01.prefab
  artifactKey: Guid(970cd4f601e083847b3c1dede5521995) Importer(815301076,1909f56bfc062723c751e8b465ee728b)
Start importing Assets/SyntyStudios/PolygonAdventure/Prefabs/Props/SM_Prop_Basket_01.prefab using Guid(970cd4f601e083847b3c1dede5521995) Importer(815301076,1909f56bfc062723c751e8b465ee728b)  -> (artifact id: '2ef4717631aeacfb95bf50972b783ee4') in 0.006062 seconds 
========================================================================
Received Import Request.
  Time since last request: 107.565351 seconds.
  path: Assets/SyntyStudios/PolygonAdventure/Prefabs/Props/SM_Prop_Basket_01.prefab
  artifactKey: Guid(970cd4f601e083847b3c1dede5521995) Importer(815301076,1909f56bfc062723c751e8b465ee728b)
Start importing Assets/SyntyStudios/PolygonAdventure/Prefabs/Props/SM_Prop_Basket_01.prefab using Guid(970cd4f601e083847b3c1dede5521995) Importer(815301076,1909f56bfc062723c751e8b465ee728b)  -> (artifact id: 'c09e03dfb97aa62549596d0802647225') in 0.002450 seconds 
========================================================================
Received Import Request.
  Time since last request: 18.075578 seconds.
  path: Assets/SyntyStudios/PolygonAdventure/Models
  artifactKey: Guid(46eac6ef9bd9acc4585703e3daa3bd90) Importer(815301076,1909f56bfc062723c751e8b465ee728b)
Start importing Assets/SyntyStudios/PolygonAdventure/Models using Guid(46eac6ef9bd9acc4585703e3daa3bd90) Importer(815301076,1909f56bfc062723c751e8b465ee728b)  -> (artifact id: '60dbd677a02139612a3be72d32981fcf') in 0.014603 seconds 
========================================================================
Received Import Request.
  Time since last request: 16.611513 seconds.
  path: Assets/SyntyStudios/PolygonAdventure
  artifactKey: Guid(fc737eef77146584099d78f349f46fbc) Importer(815301076,1909f56bfc062723c751e8b465ee728b)
Start importing Assets/SyntyStudios/PolygonAdventure using Guid(fc737eef77146584099d78f349f46fbc) Importer(815301076,1909f56bfc062723c751e8b465ee728b)  -> (artifact id: '658efbf7b96d5775c4e623213f314944') in 0.014847 seconds 
========================================================================
Received Import Request.
  Time since last request: 33.125275 seconds.
  path: Assets/Grass And Flowers Pack 1/Ground Textures
  artifactKey: Guid(e43233f515d69c0449e05c19aca08882) Importer(815301076,1909f56bfc062723c751e8b465ee728b)
Start importing Assets/Grass And Flowers Pack 1/Ground Textures using Guid(e43233f515d69c0449e05c19aca08882) Importer(815301076,1909f56bfc062723c751e8b465ee728b)  -> (artifact id: '793a44e05fbda138acb0049eb5d277e4') in 0.006621 seconds 
========================================================================
Received Import Request.
  Time since last request: 5.493093 seconds.
  path: Assets/Grass And Flowers Pack 1/Example Scene
  artifactKey: Guid(56a450ff5497d1141985ca2034200926) Importer(815301076,1909f56bfc062723c751e8b465ee728b)
Start importing Assets/Grass And Flowers Pack 1/Example Scene using Guid(56a450ff5497d1141985ca2034200926) Importer(815301076,1909f56bfc062723c751e8b465ee728b)  -> (artifact id: 'a468910e38f71c9ee622033aedcd7cdf') in 0.006668 seconds 
========================================================================
Received Import Request.
  Time since last request: 9.555266 seconds.
  path: Assets/Grass And Flowers Pack 1/Example Scene/SimpleTextureDrawing.cs
  artifactKey: Guid(85685964e3711a847beb8d2f8cb7fd32) Importer(815301076,1909f56bfc062723c751e8b465ee728b)
Start importing Assets/Grass And Flowers Pack 1/Example Scene/SimpleTextureDrawing.cs using Guid(85685964e3711a847beb8d2f8cb7fd32) Importer(815301076,1909f56bfc062723c751e8b465ee728b)  -> (artifact id: '148defd541c66f06d7d203a5e24fb0ae') in 0.011019 seconds 
========================================================================
Received Import Request.
  Time since last request: 18.338291 seconds.
  path: Assets/Grass And Flowers Pack 1/Example Scene/Example SceneSettings.lighting
  artifactKey: Guid(69aebbfd734109144bda2e4b14ac0ba7) Importer(815301076,1909f56bfc062723c751e8b465ee728b)
Start importing Assets/Grass And Flowers Pack 1/Example Scene/Example SceneSettings.lighting using Guid(69aebbfd734109144bda2e4b14ac0ba7) Importer(815301076,1909f56bfc062723c751e8b465ee728b) LightingSettings: switching bake backend from 1 to 0.
 -> (artifact id: '895871e0325f926b7eeff973c6e857f5') in 0.006417 seconds 
========================================================================
Received Import Request.
  Time since last request: 23.924214 seconds.
  path: Assets/Grass And Flowers Pack 1/Example Scene/New SceneTemplate.scenetemplate
  artifactKey: Guid(9eabe6577fba9bc4b8cafcb72fc0952d) Importer(815301076,1909f56bfc062723c751e8b465ee728b)
Start importing Assets/Grass And Flowers Pack 1/Example Scene/New SceneTemplate.scenetemplate using Guid(9eabe6577fba9bc4b8cafcb72fc0952d) Importer(815301076,1909f56bfc062723c751e8b465ee728b)  -> (artifact id: '3d3d798ea934faa159563f45c2f7c35e') in 0.007537 seconds 
========================================================================
Received Import Request.
  Time since last request: 14.239466 seconds.
  path: Assets/Scenes/New Scene.unity
  artifactKey: Guid(a62e9c9dfa72e374892e13b1f8ee85b2) Importer(815301076,1909f56bfc062723c751e8b465ee728b)
Start importing Assets/Scenes/New Scene.unity using Guid(a62e9c9dfa72e374892e13b1f8ee85b2) Importer(815301076,1909f56bfc062723c751e8b465ee728b)  -> (artifact id: '75b3edeeebd70191a0252da9c8981f04') in 0.004874 seconds 
========================================================================
Received Import Request.
  Time since last request: 25.303719 seconds.
  path: Assets/Grass And Flowers Pack 1/Example Scene/Skyboxes
  artifactKey: Guid(9b37cae45f2039e4e804180e1fe8ca7f) Importer(815301076,1909f56bfc062723c751e8b465ee728b)
Start importing Assets/Grass And Flowers Pack 1/Example Scene/Skyboxes using Guid(9b37cae45f2039e4e804180e1fe8ca7f) Importer(815301076,1909f56bfc062723c751e8b465ee728b)  -> (artifact id: '45d9d9642b1f04f0857de5a4984c81dc') in 0.007045 seconds 
========================================================================
Received Import Request.
  Time since last request: 38.434874 seconds.
  path: Assets/Scenes/__Scene_0.unity
  artifactKey: Guid(9fc0d4010bbf28b4594072e72b8655ab) Importer(815301076,1909f56bfc062723c751e8b465ee728b)
Start importing Assets/Scenes/__Scene_0.unity using Guid(9fc0d4010bbf28b4594072e72b8655ab) Importer(815301076,1909f56bfc062723c751e8b465ee728b)  -> (artifact id: 'b47b43749fec8f4a7b0162ee58a2b369') in 0.005926 seconds 
========================================================================
Received Import Request.
  Time since last request: 6.495503 seconds.
  path: Assets/Grass And Flowers Pack 1/Example Scene/Skyboxes/Textures
  artifactKey: Guid(e0d4cf686059c8d4fbd02efb8925c1de) Importer(815301076,1909f56bfc062723c751e8b465ee728b)
Start importing Assets/Grass And Flowers Pack 1/Example Scene/Skyboxes/Textures using Guid(e0d4cf686059c8d4fbd02efb8925c1de) Importer(815301076,1909f56bfc062723c751e8b465ee728b)  -> (artifact id: 'c7429b7b7169411de014444111e7c19c') in 0.005789 seconds 
========================================================================
Received Import Request.
  Time since last request: 7.382110 seconds.
  path: Assets/Grass And Flowers Pack 1/Example Scene/Example Scene.unity
  artifactKey: Guid(69584f8b5c7738d42bbe0a2b4145ff40) Importer(815301076,1909f56bfc062723c751e8b465ee728b)
Start importing Assets/Grass And Flowers Pack 1/Example Scene/Example Scene.unity using Guid(69584f8b5c7738d42bbe0a2b4145ff40) Importer(815301076,1909f56bfc062723c751e8b465ee728b)  -> (artifact id: '496dea45a3c731b61e7b612d6a784910') in 0.006097 seconds 
========================================================================
Received Prepare
Registering precompiled user dll's ...
Registered in 0.001985 seconds.
Begin MonoManager ReloadAssembly
Native extension for WindowsStandalone target not found
Refreshing native plugins compatible for Editor in 0.21 ms, found 2 plugins.
Preloading 0 native plugins for Editor in 0.00 ms.
Mono: successfully reloaded assembly
- Completed reload, in  0.559 seconds
Domain Reload Profiling:
	ReloadAssembly (559ms)
		BeginReloadAssembly (75ms)
			ExecutionOrderSort (0ms)
			DisableScriptedObjects (2ms)
			BackupInstance (0ms)
			ReleaseScriptingObjects (0ms)
			CreateAndSetChildDomain (19ms)
		EndReloadAssembly (446ms)
			LoadAssemblies (60ms)
			RebuildTransferFunctionScriptingTraits (0ms)
			SetupTypeCache (147ms)
			ReleaseScriptCaches (0ms)
			RebuildScriptCaches (20ms)
			SetupLoadedEditorAssemblies (183ms)
				LogAssemblyErrors (0ms)
				InitializePlatformSupportModulesInManaged (3ms)
				SetLoadedEditorAssemblies (0ms)
				RefreshPlugins (0ms)
				BeforeProcessingInitializeOnLoad (44ms)
				ProcessInitializeOnLoadAttributes (126ms)
				ProcessInitializeOnLoadMethodAttributes (5ms)
				AfterProcessingInitializeOnLoad (6ms)
				EditorAssembliesLoaded (0ms)
			ExecutionOrderSort2 (0ms)
			AwakeInstancesAfterBackupRestoration (1ms)
Platform modules already initialized, skipping
Refreshing native plugins compatible for Editor in 0.20 ms, found 2 plugins.
Preloading 0 native plugins for Editor in 0.00 ms.
Unloading 1319 Unused Serialized files (Serialized files now loaded: 0)
System memory in use before: 185.6 MB.
System memory in use after: 185.7 MB.

Unloading 11 unused Assets to reduce memory usage. Loaded Objects now: 1855.
Total: 1.689400 ms (FindLiveObjects: 0.067400 ms CreateObjectMapping: 0.019600 ms MarkObjects: 1.590600 ms  DeleteObjects: 0.011500 ms)

AssetImportParameters requested are different than current active one (requested -> active):
  custom:framework-win-MediaFoundation: 216162199b28c13a410421893ffa2e32 -> 
  custom:video-decoder-ogg-theora: a1e56fd34408186e4bbccfd4996cb3dc -> 
  custom:container-muxer-webm: aa71ff27fc2769a1b78a27578f13a17b -> 
  custom:container-demuxer-webm: 4f35f7cbe854078d1ac9338744f61a02 -> 
  custom:container-demuxer-ogg: 62fdf1f143b41e24485cea50d1cbac27 -> 
  custom:video-encoder-webm-vp8: eb34c28f22e8b96e1ab97ce403110664 -> 
  custom:video-decoder-webm-vp8: 9c59270c3fd7afecdb556c50c9e8de78 -> 
  custom:audio-decoder-ogg-vorbis: bf7c407c2cedff20999df2af8eb42d56 -> 
  custom:audio-encoder-webm-vorbis: bf7c407c2cedff20999df2af8eb42d56 -> 
========================================================================
Received Import Request.
  Time since last request: 269.027217 seconds.
  path: Assets/Scenes/Example Scene.unity
  artifactKey: Guid(69584f8b5c7738d42bbe0a2b4145ff40) Importer(815301076,1909f56bfc062723c751e8b465ee728b)
Start importing Assets/Scenes/Example Scene.unity using Guid(69584f8b5c7738d42bbe0a2b4145ff40) Importer(815301076,1909f56bfc062723c751e8b465ee728b)  -> (artifact id: 'c4315bf5454e8023cd2e558240a1509a') in 0.003235 seconds 
AssetImportWorkerClient::OnTransportError - code=2 error=End of file
